<?xml version="1.0" encoding="UTF-8"?>
<!-- Generated by org.testng.reporters.JUnitReportReporter -->
<testsuite hostname="QB-IPL-2945" failures="0" tests="3" name="cucumberOptions.TestNGTestRunner" time="29.751" errors="0" timestamp="2023-02-27T17:52:13 IST" skipped="0">
  <testcase classname="cucumberOptions.TestNGTestRunner" name="runScenario" time="10.454"/>
  <system-out/>
  <testcase classname="cucumberOptions.TestNGTestRunner" name="runScenario" time="9.594"/>
  <system-out/>
  <testcase classname="cucumberOptions.TestNGTestRunner" name="runScenario" time="9.703"/>
  <system-out/>
</testsuite> <!-- cucumberOptions.TestNGTestRunner -->
